
================================================================
  TEAM EXECUTION — Feature: landingpage
================================================================

[2026-03-10 19:14:42] [INFO] Project: /home/gabrewer/source/gabrewer-landingpage
[2026-03-10 19:14:42] [INFO] Feature: landingpage
[2026-03-10 19:14:42] [INFO] Timestamp: 20260310_191442
[2026-03-10 19:14:42] [INFO] Trust level: conservative (phased, sequential)

================================================================
  RESOLVE: landingpage/landing-page
================================================================

[2026-03-10 19:14:42] [INFO] Found escalated file at legacy path: /home/gabrewer/source/gabrewer-landingpage/breadcrumbs/landingpage/scaffolddesign-explorationlanding-pageabout-pageblog-migrationpolish/escalated.md
[2026-03-10 19:14:42] [INFO] landingpage/landing-page — RESOLVE: applying human decisions
[2026-03-10 19:14:42] [INFO] Agent: reviewer — Resolve escalated items for landingpage/landing-page
[2026-03-10 19:23:37] [INFO] Agent reviewer completed in 535s
[2026-03-10 19:23:37] [INFO] Committed: fix(landingpage/landing-page): review fixes applied
[2026-03-10 19:23:37] [INFO] landingpage/landing-page — RESOLVE: verification pass
[2026-03-10 19:23:37] [INFO] Agent: destroyer — Verify resolved items for landingpage/landing-page
[2026-03-10 19:24:52] [INFO] Agent destroyer completed in 75s
[2026-03-10 19:24:52] [INFO] landingpage/landing-page — RESOLVE COMPLETE
[2026-03-10 19:24:52] [INFO] Resolve completed in 610s
