
================================================================
  TEAM EXECUTION — Feature: landingpage
================================================================

[2026-03-05 14:30:33] [INFO] Project: /home/gabrewer/source/gabrewer-landingpage
[2026-03-05 14:30:33] [INFO] Feature: landingpage
[2026-03-05 14:30:33] [INFO] Timestamp: 20260305_143033
[2026-03-05 14:30:33] [INFO] Trust level: conservative (phased, sequential)
[2026-03-05 14:30:33] [INFO] Initialized git repository

================================================================
  PHASE 1: PLANNING — landingpage
================================================================

[2026-03-05 14:30:33] [INFO] Agent: pm — Generate Sprint plan from PRD
[2026-03-05 14:34:36] [INFO] Agent pm completed in 243s
[2026-03-05 14:34:36] [INFO] Committed: chore(landingpage): sprint plan generated from PRD
[2026-03-05 14:34:36] [INFO] Found 1 sprints in plan

================================================================
  SPRINT: landingpage/scaffolddesign-explorationlanding-pageabout-pageblog-migrationpolish
================================================================

[2026-03-05 14:34:36] [INFO] landingpage/scaffolddesign-explorationlanding-pageabout-pageblog-migrationpolish — Step 1: BUILD
[2026-03-05 14:34:36] [INFO] Agent: frontend-builder — Build landingpage/scaffolddesign-explorationlanding-pageabout-pageblog-migrationpolish
[2026-03-05 14:48:16] [INFO] Agent frontend-builder completed in 820s
[2026-03-05 14:48:17] [INFO] Committed: feat(landingpage/scaffolddesign-explorationlanding-pageabout-pageblog-migrationpolish): build complete
[2026-03-05 14:48:17] [INFO] landingpage/scaffolddesign-explorationlanding-pageabout-pageblog-migrationpolish — Step 2: DESTROY
[2026-03-05 14:48:17] [INFO] Agent: destroyer — Destroy landingpage/scaffolddesign-explorationlanding-pageabout-pageblog-migrationpolish
[2026-03-05 14:55:03] [INFO] Agent destroyer completed in 406s
[2026-03-05 14:55:03] [INFO] landingpage/scaffolddesign-explorationlanding-pageabout-pageblog-migrationpolish — Step 3: REVIEW & RESOLVE
[2026-03-05 14:55:03] [INFO] Agent: reviewer — Review landingpage/scaffolddesign-explorationlanding-pageabout-pageblog-migrationpolish
[2026-03-05 15:00:03] [INFO] Agent reviewer completed in 300s
[2026-03-05 15:00:03] [INFO] Committed: fix(landingpage/scaffolddesign-explorationlanding-pageabout-pageblog-migrationpolish): review fixes applied
[2026-03-05 15:00:03] [INFO] landingpage/scaffolddesign-explorationlanding-pageabout-pageblog-migrationpolish — COMPLETE

================================================================
  PHASE 3: MORNING BRIEFING — landingpage
================================================================

[2026-03-05 15:01:20] [INFO] Morning briefing written to logs/landingpage/morning-briefing.md

================================================================
  BUILD COMPLETE — landingpage
================================================================

[2026-03-05 15:01:20] [INFO] Total time: 30m 47s
[2026-03-05 15:01:20] [INFO] Master log: /home/gabrewer/source/gabrewer-landingpage/logs/landingpage/build_20260305_143033.log
