
================================================================
  TEAM EXECUTION — Feature: landingpage
================================================================

[2026-03-10 19:58:12] [INFO] Project: /home/gabrewer/source/gabrewer-landingpage
[2026-03-10 19:58:12] [INFO] Feature: landingpage
[2026-03-10 19:58:12] [INFO] Timestamp: 20260310_195812
[2026-03-10 19:58:12] [INFO] Trust level: conservative (phased, sequential)
[2026-03-10 19:58:12] [INFO] Found 7 sprints in plan
[2026-03-10 19:58:12] [INFO] Skipping sprint: landingpage/scaffold
[2026-03-10 19:58:12] [INFO] Skipping sprint: landingpage/design-exploration
[2026-03-10 19:58:12] [INFO] Skipping sprint: landingpage/landing-page
[2026-03-10 19:58:12] [INFO] Skipping sprint: landingpage/about-page
[2026-03-10 19:58:12] [INFO] Skipping sprint: landingpage/blog-migration
[2026-03-10 19:58:12] [INFO] Skipping sprint: landingpage/polish

================================================================
  SPRINT: landingpage/design-refinement
================================================================

[2026-03-10 19:58:12] [INFO] landingpage/design-refinement — Step 1: BUILD
[2026-03-10 19:58:12] [INFO] Agent: frontend-builder — Build landingpage/design-refinement
[2026-03-10 20:03:05] [INFO] Agent frontend-builder completed in 293s
